<?xml version="1.0" encoding="UTF-8"?>
<testsuite xmlns:xsi="http://www.w3.org/2001/XMLSchema-instance" xsi:noNamespaceSchemaLocation="https://maven.apache.org/surefire/maven-surefire-plugin/xsd/surefire-test-report-3.0.xsd" version="3.0" name="io.northstar.behavior.StudentControllerTests" time="0.404" tests="2" errors="0" skipped="0" failures="0">
  <properties>
    <property name="java.specification.version" value="23"/>
    <property name="sun.jnu.encoding" value="UTF-8"/>
    <property name="java.class.path" value="/Users/christianthomas/Projects/NorthStar/backend/target/test-classes:/Users/christianthomas/Projects/NorthStar/backend/target/classes:/Users/christianthomas/.m2/repository/org/springframework/boot/spring-boot-starter-web/3.3.3/spring-boot-starter-web-3.3.3.jar:/Users/christianthomas/.m2/repository/org/springframework/boot/spring-boot-starter/3.3.3/spring-boot-starter-3.3.3.jar:/Users/christianthomas/.m2/repository/org/springframework/boot/spring-boot/3.3.3/spring-boot-3.3.3.jar:/Users/christianthomas/.m2/repository/org/springframework/boot/spring-boot-autoconfigure/3.3.3/spring-boot-autoconfigure-3.3.3.jar:/Users/christianthomas/.m2/repository/org/springframework/boot/spring-boot-starter-logging/3.3.3/spring-boot-starter-logging-3.3.3.jar:/Users/christianthomas/.m2/repository/ch/qos/logback/logback-classic/1.5.7/logback-classic-1.5.7.jar:/Users/christianthomas/.m2/repository/ch/qos/logback/logback-core/1.5.7/logback-core-1.5.7.jar:/Users/christianthomas/.m2/repository/org/apache/logging/log4j/log4j-to-slf4j/2.23.1/log4j-to-slf4j-2.23.1.jar:/Users/christianthomas/.m2/repository/org/apache/logging/log4j/log4j-api/2.23.1/log4j-api-2.23.1.jar:/Users/christianthomas/.m2/repository/org/slf4j/jul-to-slf4j/2.0.16/jul-to-slf4j-2.0.16.jar:/Users/christianthomas/.m2/repository/jakarta/annotation/jakarta.annotation-api/2.1.1/jakarta.annotation-api-2.1.1.jar:/Users/christianthomas/.m2/repository/org/yaml/snakeyaml/2.2/snakeyaml-2.2.jar:/Users/christianthomas/.m2/repository/org/springframework/boot/spring-boot-starter-json/3.3.3/spring-boot-starter-json-3.3.3.jar:/Users/christianthomas/.m2/repository/com/fasterxml/jackson/core/jackson-databind/2.17.2/jackson-databind-2.17.2.jar:/Users/christianthomas/.m2/repository/com/fasterxml/jackson/core/jackson-annotations/2.17.2/jackson-annotations-2.17.2.jar:/Users/christianthomas/.m2/repository/com/fasterxml/jackson/core/jackson-core/2.17.2/jackson-core-2.17.2.jar:/Users/christianthomas/.m2/repository/com/fasterxml/jackson/datatype/jackson-datatype-jdk8/2.17.2/jackson-datatype-jdk8-2.17.2.jar:/Users/christianthomas/.m2/repository/com/fasterxml/jackson/datatype/jackson-datatype-jsr310/2.17.2/jackson-datatype-jsr310-2.17.2.jar:/Users/christianthomas/.m2/repository/com/fasterxml/jackson/module/jackson-module-parameter-names/2.17.2/jackson-module-parameter-names-2.17.2.jar:/Users/christianthomas/.m2/repository/org/springframework/boot/spring-boot-starter-tomcat/3.3.3/spring-boot-starter-tomcat-3.3.3.jar:/Users/christianthomas/.m2/repository/org/apache/tomcat/embed/tomcat-embed-core/10.1.28/tomcat-embed-core-10.1.28.jar:/Users/christianthomas/.m2/repository/org/apache/tomcat/embed/tomcat-embed-websocket/10.1.28/tomcat-embed-websocket-10.1.28.jar:/Users/christianthomas/.m2/repository/org/springframework/spring-web/6.1.12/spring-web-6.1.12.jar:/Users/christianthomas/.m2/repository/org/springframework/spring-beans/6.1.12/spring-beans-6.1.12.jar:/Users/christianthomas/.m2/repository/io/micrometer/micrometer-observation/1.13.3/micrometer-observation-1.13.3.jar:/Users/christianthomas/.m2/repository/io/micrometer/micrometer-commons/1.13.3/micrometer-commons-1.13.3.jar:/Users/christianthomas/.m2/repository/org/springframework/spring-webmvc/6.1.12/spring-webmvc-6.1.12.jar:/Users/christianthomas/.m2/repository/org/springframework/spring-context/6.1.12/spring-context-6.1.12.jar:/Users/christianthomas/.m2/repository/org/springframework/spring-expression/6.1.12/spring-expression-6.1.12.jar:/Users/christianthomas/.m2/repository/org/springframework/boot/spring-boot-starter-security/3.3.3/spring-boot-starter-security-3.3.3.jar:/Users/christianthomas/.m2/repository/org/springframework/spring-aop/6.1.12/spring-aop-6.1.12.jar:/Users/christianthomas/.m2/repository/org/springframework/security/spring-security-config/6.3.3/spring-security-config-6.3.3.jar:/Users/christianthomas/.m2/repository/org/springframework/security/spring-security-core/6.3.3/spring-security-core-6.3.3.jar:/Users/christianthomas/.m2/repository/org/springframework/security/spring-security-crypto/6.3.3/spring-security-crypto-6.3.3.jar:/Users/christianthomas/.m2/repository/org/springframework/security/spring-security-web/6.3.3/spring-security-web-6.3.3.jar:/Users/christianthomas/.m2/repository/org/springframework/boot/spring-boot-starter-validation/3.3.3/spring-boot-starter-validation-3.3.3.jar:/Users/christianthomas/.m2/repository/org/apache/tomcat/embed/tomcat-embed-el/10.1.28/tomcat-embed-el-10.1.28.jar:/Users/christianthomas/.m2/repository/org/hibernate/validator/hibernate-validator/8.0.1.Final/hibernate-validator-8.0.1.Final.jar:/Users/christianthomas/.m2/repository/jakarta/validation/jakarta.validation-api/3.0.2/jakarta.validation-api-3.0.2.jar:/Users/christianthomas/.m2/repository/org/jboss/logging/jboss-logging/3.5.3.Final/jboss-logging-3.5.3.Final.jar:/Users/christianthomas/.m2/repository/com/fasterxml/classmate/1.7.0/classmate-1.7.0.jar:/Users/christianthomas/.m2/repository/org/springframework/boot/spring-boot-starter-data-jpa/3.3.3/spring-boot-starter-data-jpa-3.3.3.jar:/Users/christianthomas/.m2/repository/org/springframework/boot/spring-boot-starter-aop/3.3.3/spring-boot-starter-aop-3.3.3.jar:/Users/christianthomas/.m2/repository/org/aspectj/aspectjweaver/1.9.22.1/aspectjweaver-1.9.22.1.jar:/Users/christianthomas/.m2/repository/org/springframework/boot/spring-boot-starter-jdbc/3.3.3/spring-boot-starter-jdbc-3.3.3.jar:/Users/christianthomas/.m2/repository/com/zaxxer/HikariCP/5.1.0/HikariCP-5.1.0.jar:/Users/christianthomas/.m2/repository/org/springframework/spring-jdbc/6.1.12/spring-jdbc-6.1.12.jar:/Users/christianthomas/.m2/repository/org/hibernate/orm/hibernate-core/6.5.2.Final/hibernate-core-6.5.2.Final.jar:/Users/christianthomas/.m2/repository/jakarta/persistence/jakarta.persistence-api/3.1.0/jakarta.persistence-api-3.1.0.jar:/Users/christianthomas/.m2/repository/jakarta/transaction/jakarta.transaction-api/2.0.1/jakarta.transaction-api-2.0.1.jar:/Users/christianthomas/.m2/repository/org/hibernate/common/hibernate-commons-annotations/6.0.6.Final/hibernate-commons-annotations-6.0.6.Final.jar:/Users/christianthomas/.m2/repository/io/smallrye/jandex/3.1.2/jandex-3.1.2.jar:/Users/christianthomas/.m2/repository/net/bytebuddy/byte-buddy/1.14.19/byte-buddy-1.14.19.jar:/Users/christianthomas/.m2/repository/org/glassfish/jaxb/jaxb-runtime/4.0.5/jaxb-runtime-4.0.5.jar:/Users/christianthomas/.m2/repository/org/glassfish/jaxb/jaxb-core/4.0.5/jaxb-core-4.0.5.jar:/Users/christianthomas/.m2/repository/org/eclipse/angus/angus-activation/2.0.2/angus-activation-2.0.2.jar:/Users/christianthomas/.m2/repository/org/glassfish/jaxb/txw2/4.0.5/txw2-4.0.5.jar:/Users/christianthomas/.m2/repository/com/sun/istack/istack-commons-runtime/4.1.2/istack-commons-runtime-4.1.2.jar:/Users/christianthomas/.m2/repository/jakarta/inject/jakarta.inject-api/2.0.1/jakarta.inject-api-2.0.1.jar:/Users/christianthomas/.m2/repository/org/antlr/antlr4-runtime/4.13.0/antlr4-runtime-4.13.0.jar:/Users/christianthomas/.m2/repository/org/springframework/data/spring-data-jpa/3.3.3/spring-data-jpa-3.3.3.jar:/Users/christianthomas/.m2/repository/org/springframework/data/spring-data-commons/3.3.3/spring-data-commons-3.3.3.jar:/Users/christianthomas/.m2/repository/org/springframework/spring-orm/6.1.12/spring-orm-6.1.12.jar:/Users/christianthomas/.m2/repository/org/springframework/spring-tx/6.1.12/spring-tx-6.1.12.jar:/Users/christianthomas/.m2/repository/org/slf4j/slf4j-api/2.0.16/slf4j-api-2.0.16.jar:/Users/christianthomas/.m2/repository/org/springframework/spring-aspects/6.1.12/spring-aspects-6.1.12.jar:/Users/christianthomas/.m2/repository/com/h2database/h2/2.2.224/h2-2.2.224.jar:/Users/christianthomas/.m2/repository/software/amazon/awssdk/dynamodb/2.25.58/dynamodb-2.25.58.jar:/Users/christianthomas/.m2/repository/software/amazon/awssdk/aws-json-protocol/2.25.58/aws-json-protocol-2.25.58.jar:/Users/christianthomas/.m2/repository/software/amazon/awssdk/third-party-jackson-core/2.25.58/third-party-jackson-core-2.25.58.jar:/Users/christianthomas/.m2/repository/software/amazon/awssdk/protocol-core/2.25.58/protocol-core-2.25.58.jar:/Users/christianthomas/.m2/repository/software/amazon/awssdk/profiles/2.25.58/profiles-2.25.58.jar:/Users/christianthomas/.m2/repository/software/amazon/awssdk/http-auth-aws/2.25.58/http-auth-aws-2.25.58.jar:/Users/christianthomas/.m2/repository/software/amazon/awssdk/checksums-spi/2.25.58/checksums-spi-2.25.58.jar:/Users/christianthomas/.m2/repository/software/amazon/awssdk/checksums/2.25.58/checksums-2.25.58.jar:/Users/christianthomas/.m2/repository/software/amazon/awssdk/sdk-core/2.25.58/sdk-core-2.25.58.jar:/Users/christianthomas/.m2/repository/org/reactivestreams/reactive-streams/1.0.4/reactive-streams-1.0.4.jar:/Users/christianthomas/.m2/repository/software/amazon/awssdk/auth/2.25.58/auth-2.25.58.jar:/Users/christianthomas/.m2/repository/software/amazon/eventstream/eventstream/1.0.1/eventstream-1.0.1.jar:/Users/christianthomas/.m2/repository/software/amazon/awssdk/http-auth-spi/2.25.58/http-auth-spi-2.25.58.jar:/Users/christianthomas/.m2/repository/software/amazon/awssdk/http-auth/2.25.58/http-auth-2.25.58.jar:/Users/christianthomas/.m2/repository/software/amazon/awssdk/identity-spi/2.25.58/identity-spi-2.25.58.jar:/Users/christianthomas/.m2/repository/software/amazon/awssdk/http-client-spi/2.25.58/http-client-spi-2.25.58.jar:/Users/christianthomas/.m2/repository/software/amazon/awssdk/regions/2.25.58/regions-2.25.58.jar:/Users/christianthomas/.m2/repository/software/amazon/awssdk/annotations/2.25.58/annotations-2.25.58.jar:/Users/christianthomas/.m2/repository/software/amazon/awssdk/utils/2.25.58/utils-2.25.58.jar:/Users/christianthomas/.m2/repository/software/amazon/awssdk/aws-core/2.25.58/aws-core-2.25.58.jar:/Users/christianthomas/.m2/repository/software/amazon/awssdk/metrics-spi/2.25.58/metrics-spi-2.25.58.jar:/Users/christianthomas/.m2/repository/software/amazon/awssdk/json-utils/2.25.58/json-utils-2.25.58.jar:/Users/christianthomas/.m2/repository/software/amazon/awssdk/endpoints-spi/2.25.58/endpoints-spi-2.25.58.jar:/Users/christianthomas/.m2/repository/software/amazon/awssdk/apache-client/2.25.58/apache-client-2.25.58.jar:/Users/christianthomas/.m2/repository/org/apache/httpcomponents/httpclient/4.5.13/httpclient-4.5.13.jar:/Users/christianthomas/.m2/repository/commons-logging/commons-logging/1.2/commons-logging-1.2.jar:/Users/christianthomas/.m2/repository/org/apache/httpcomponents/httpcore/4.4.16/httpcore-4.4.16.jar:/Users/christianthomas/.m2/repository/commons-codec/commons-codec/1.16.1/commons-codec-1.16.1.jar:/Users/christianthomas/.m2/repository/software/amazon/awssdk/netty-nio-client/2.25.58/netty-nio-client-2.25.58.jar:/Users/christianthomas/.m2/repository/io/netty/netty-codec-http/4.1.112.Final/netty-codec-http-4.1.112.Final.jar:/Users/christianthomas/.m2/repository/io/netty/netty-codec-http2/4.1.112.Final/netty-codec-http2-4.1.112.Final.jar:/Users/christianthomas/.m2/repository/io/netty/netty-codec/4.1.112.Final/netty-codec-4.1.112.Final.jar:/Users/christianthomas/.m2/repository/io/netty/netty-transport/4.1.112.Final/netty-transport-4.1.112.Final.jar:/Users/christianthomas/.m2/repository/io/netty/netty-common/4.1.112.Final/netty-common-4.1.112.Final.jar:/Users/christianthomas/.m2/repository/io/netty/netty-buffer/4.1.112.Final/netty-buffer-4.1.112.Final.jar:/Users/christianthomas/.m2/repository/io/netty/netty-handler/4.1.112.Final/netty-handler-4.1.112.Final.jar:/Users/christianthomas/.m2/repository/io/netty/netty-transport-native-unix-common/4.1.112.Final/netty-transport-native-unix-common-4.1.112.Final.jar:/Users/christianthomas/.m2/repository/io/netty/netty-transport-classes-epoll/4.1.112.Final/netty-transport-classes-epoll-4.1.112.Final.jar:/Users/christianthomas/.m2/repository/io/netty/netty-resolver/4.1.112.Final/netty-resolver-4.1.112.Final.jar:/Users/christianthomas/.m2/repository/org/springdoc/springdoc-openapi-starter-webmvc-ui/2.5.0/springdoc-openapi-starter-webmvc-ui-2.5.0.jar:/Users/christianthomas/.m2/repository/org/springdoc/springdoc-openapi-starter-webmvc-api/2.5.0/springdoc-openapi-starter-webmvc-api-2.5.0.jar:/Users/christianthomas/.m2/repository/org/springdoc/springdoc-openapi-starter-common/2.5.0/springdoc-openapi-starter-common-2.5.0.jar:/Users/christianthomas/.m2/repository/io/swagger/core/v3/swagger-core-jakarta/2.2.21/swagger-core-jakarta-2.2.21.jar:/Users/christianthomas/.m2/repository/org/apache/commons/commons-lang3/3.14.0/commons-lang3-3.14.0.jar:/Users/christianthomas/.m2/repository/io/swagger/core/v3/swagger-annotations-jakarta/2.2.21/swagger-annotations-jakarta-2.2.21.jar:/Users/christianthomas/.m2/repository/io/swagger/core/v3/swagger-models-jakarta/2.2.21/swagger-models-jakarta-2.2.21.jar:/Users/christianthomas/.m2/repository/com/fasterxml/jackson/dataformat/jackson-dataformat-yaml/2.17.2/jackson-dataformat-yaml-2.17.2.jar:/Users/christianthomas/.m2/repository/org/webjars/swagger-ui/5.13.0/swagger-ui-5.13.0.jar:/Users/christianthomas/.m2/repository/org/projectlombok/lombok/1.18.34/lombok-1.18.34.jar:/Users/christianthomas/.m2/repository/org/springframework/boot/spring-boot-starter-test/3.3.3/spring-boot-starter-test-3.3.3.jar:/Users/christianthomas/.m2/repository/org/springframework/boot/spring-boot-test/3.3.3/spring-boot-test-3.3.3.jar:/Users/christianthomas/.m2/repository/org/springframework/boot/spring-boot-test-autoconfigure/3.3.3/spring-boot-test-autoconfigure-3.3.3.jar:/Users/christianthomas/.m2/repository/com/jayway/jsonpath/json-path/2.9.0/json-path-2.9.0.jar:/Users/christianthomas/.m2/repository/jakarta/xml/bind/jakarta.xml.bind-api/4.0.2/jakarta.xml.bind-api-4.0.2.jar:/Users/christianthomas/.m2/repository/jakarta/activation/jakarta.activation-api/2.1.3/jakarta.activation-api-2.1.3.jar:/Users/christianthomas/.m2/repository/net/minidev/json-smart/2.5.1/json-smart-2.5.1.jar:/Users/christianthomas/.m2/repository/net/minidev/accessors-smart/2.5.1/accessors-smart-2.5.1.jar:/Users/christianthomas/.m2/repository/org/ow2/asm/asm/9.6/asm-9.6.jar:/Users/christianthomas/.m2/repository/org/assertj/assertj-core/3.25.3/assertj-core-3.25.3.jar:/Users/christianthomas/.m2/repository/org/awaitility/awaitility/4.2.2/awaitility-4.2.2.jar:/Users/christianthomas/.m2/repository/org/hamcrest/hamcrest/2.2/hamcrest-2.2.jar:/Users/christianthomas/.m2/repository/org/junit/jupiter/junit-jupiter/5.10.3/junit-jupiter-5.10.3.jar:/Users/christianthomas/.m2/repository/org/junit/jupiter/junit-jupiter-api/5.10.3/junit-jupiter-api-5.10.3.jar:/Users/christianthomas/.m2/repository/org/opentest4j/opentest4j/1.3.0/opentest4j-1.3.0.jar:/Users/christianthomas/.m2/repository/org/junit/platform/junit-platform-commons/1.10.3/junit-platform-commons-1.10.3.jar:/Users/christianthomas/.m2/repository/org/apiguardian/apiguardian-api/1.1.2/apiguardian-api-1.1.2.jar:/Users/christianthomas/.m2/repository/org/junit/jupiter/junit-jupiter-params/5.10.3/junit-jupiter-params-5.10.3.jar:/Users/christianthomas/.m2/repository/org/junit/jupiter/junit-jupiter-engine/5.10.3/junit-jupiter-engine-5.10.3.jar:/Users/christianthomas/.m2/repository/org/junit/platform/junit-platform-engine/1.10.3/junit-platform-engine-1.10.3.jar:/Users/christianthomas/.m2/repository/org/mockito/mockito-core/5.11.0/mockito-core-5.11.0.jar:/Users/christianthomas/.m2/repository/net/bytebuddy/byte-buddy-agent/1.14.19/byte-buddy-agent-1.14.19.jar:/Users/christianthomas/.m2/repository/org/objenesis/objenesis/3.3/objenesis-3.3.jar:/Users/christianthomas/.m2/repository/org/mockito/mockito-junit-jupiter/5.11.0/mockito-junit-jupiter-5.11.0.jar:/Users/christianthomas/.m2/repository/org/skyscreamer/jsonassert/1.5.3/jsonassert-1.5.3.jar:/Users/christianthomas/.m2/repository/com/vaadin/external/google/android-json/0.0.20131108.vaadin1/android-json-0.0.20131108.vaadin1.jar:/Users/christianthomas/.m2/repository/org/springframework/spring-core/6.1.12/spring-core-6.1.12.jar:/Users/christianthomas/.m2/repository/org/springframework/spring-jcl/6.1.12/spring-jcl-6.1.12.jar:/Users/christianthomas/.m2/repository/org/springframework/spring-test/6.1.12/spring-test-6.1.12.jar:/Users/christianthomas/.m2/repository/org/xmlunit/xmlunit-core/2.9.1/xmlunit-core-2.9.1.jar:"/>
    <property name="java.vm.vendor" value="Homebrew"/>
    <property name="sun.arch.data.model" value="64"/>
    <property name="java.vendor.url" value="https://github.com/Homebrew/homebrew-core/issues"/>
    <property name="user.timezone" value="America/New_York"/>
    <property name="org.jboss.logging.provider" value="slf4j"/>
    <property name="os.name" value="Mac OS X"/>
    <property name="java.vm.specification.version" value="23"/>
    <property name="sun.java.launcher" value="SUN_STANDARD"/>
    <property name="user.country" value="US"/>
    <property name="sun.boot.library.path" value="/opt/homebrew/Cellar/openjdk/23.0.2/libexec/openjdk.jdk/Contents/Home/lib"/>
    <property name="sun.java.command" value="/Users/christianthomas/Projects/NorthStar/backend/target/surefire/surefirebooter-20251024181112297_3.jar /Users/christianthomas/Projects/NorthStar/backend/target/surefire 2025-10-24T18-11-12_262-jvmRun1 surefire-20251024181112297_1tmp surefire_0-20251024181112297_2tmp"/>
    <property name="http.nonProxyHosts" value="local|*.local|169.254/16|*.169.254/16"/>
    <property name="jdk.debug" value="release"/>
    <property name="surefire.test.class.path" value="/Users/christianthomas/Projects/NorthStar/backend/target/test-classes:/Users/christianthomas/Projects/NorthStar/backend/target/classes:/Users/christianthomas/.m2/repository/org/springframework/boot/spring-boot-starter-web/3.3.3/spring-boot-starter-web-3.3.3.jar:/Users/christianthomas/.m2/repository/org/springframework/boot/spring-boot-starter/3.3.3/spring-boot-starter-3.3.3.jar:/Users/christianthomas/.m2/repository/org/springframework/boot/spring-boot/3.3.3/spring-boot-3.3.3.jar:/Users/christianthomas/.m2/repository/org/springframework/boot/spring-boot-autoconfigure/3.3.3/spring-boot-autoconfigure-3.3.3.jar:/Users/christianthomas/.m2/repository/org/springframework/boot/spring-boot-starter-logging/3.3.3/spring-boot-starter-logging-3.3.3.jar:/Users/christianthomas/.m2/repository/ch/qos/logback/logback-classic/1.5.7/logback-classic-1.5.7.jar:/Users/christianthomas/.m2/repository/ch/qos/logback/logback-core/1.5.7/logback-core-1.5.7.jar:/Users/christianthomas/.m2/repository/org/apache/logging/log4j/log4j-to-slf4j/2.23.1/log4j-to-slf4j-2.23.1.jar:/Users/christianthomas/.m2/repository/org/apache/logging/log4j/log4j-api/2.23.1/log4j-api-2.23.1.jar:/Users/christianthomas/.m2/repository/org/slf4j/jul-to-slf4j/2.0.16/jul-to-slf4j-2.0.16.jar:/Users/christianthomas/.m2/repository/jakarta/annotation/jakarta.annotation-api/2.1.1/jakarta.annotation-api-2.1.1.jar:/Users/christianthomas/.m2/repository/org/yaml/snakeyaml/2.2/snakeyaml-2.2.jar:/Users/christianthomas/.m2/repository/org/springframework/boot/spring-boot-starter-json/3.3.3/spring-boot-starter-json-3.3.3.jar:/Users/christianthomas/.m2/repository/com/fasterxml/jackson/core/jackson-databind/2.17.2/jackson-databind-2.17.2.jar:/Users/christianthomas/.m2/repository/com/fasterxml/jackson/core/jackson-annotations/2.17.2/jackson-annotations-2.17.2.jar:/Users/christianthomas/.m2/repository/com/fasterxml/jackson/core/jackson-core/2.17.2/jackson-core-2.17.2.jar:/Users/christianthomas/.m2/repository/com/fasterxml/jackson/datatype/jackson-datatype-jdk8/2.17.2/jackson-datatype-jdk8-2.17.2.jar:/Users/christianthomas/.m2/repository/com/fasterxml/jackson/datatype/jackson-datatype-jsr310/2.17.2/jackson-datatype-jsr310-2.17.2.jar:/Users/christianthomas/.m2/repository/com/fasterxml/jackson/module/jackson-module-parameter-names/2.17.2/jackson-module-parameter-names-2.17.2.jar:/Users/christianthomas/.m2/repository/org/springframework/boot/spring-boot-starter-tomcat/3.3.3/spring-boot-starter-tomcat-3.3.3.jar:/Users/christianthomas/.m2/repository/org/apache/tomcat/embed/tomcat-embed-core/10.1.28/tomcat-embed-core-10.1.28.jar:/Users/christianthomas/.m2/repository/org/apache/tomcat/embed/tomcat-embed-websocket/10.1.28/tomcat-embed-websocket-10.1.28.jar:/Users/christianthomas/.m2/repository/org/springframework/spring-web/6.1.12/spring-web-6.1.12.jar:/Users/christianthomas/.m2/repository/org/springframework/spring-beans/6.1.12/spring-beans-6.1.12.jar:/Users/christianthomas/.m2/repository/io/micrometer/micrometer-observation/1.13.3/micrometer-observation-1.13.3.jar:/Users/christianthomas/.m2/repository/io/micrometer/micrometer-commons/1.13.3/micrometer-commons-1.13.3.jar:/Users/christianthomas/.m2/repository/org/springframework/spring-webmvc/6.1.12/spring-webmvc-6.1.12.jar:/Users/christianthomas/.m2/repository/org/springframework/spring-context/6.1.12/spring-context-6.1.12.jar:/Users/christianthomas/.m2/repository/org/springframework/spring-expression/6.1.12/spring-expression-6.1.12.jar:/Users/christianthomas/.m2/repository/org/springframework/boot/spring-boot-starter-security/3.3.3/spring-boot-starter-security-3.3.3.jar:/Users/christianthomas/.m2/repository/org/springframework/spring-aop/6.1.12/spring-aop-6.1.12.jar:/Users/christianthomas/.m2/repository/org/springframework/security/spring-security-config/6.3.3/spring-security-config-6.3.3.jar:/Users/christianthomas/.m2/repository/org/springframework/security/spring-security-core/6.3.3/spring-security-core-6.3.3.jar:/Users/christianthomas/.m2/repository/org/springframework/security/spring-security-crypto/6.3.3/spring-security-crypto-6.3.3.jar:/Users/christianthomas/.m2/repository/org/springframework/security/spring-security-web/6.3.3/spring-security-web-6.3.3.jar:/Users/christianthomas/.m2/repository/org/springframework/boot/spring-boot-starter-validation/3.3.3/spring-boot-starter-validation-3.3.3.jar:/Users/christianthomas/.m2/repository/org/apache/tomcat/embed/tomcat-embed-el/10.1.28/tomcat-embed-el-10.1.28.jar:/Users/christianthomas/.m2/repository/org/hibernate/validator/hibernate-validator/8.0.1.Final/hibernate-validator-8.0.1.Final.jar:/Users/christianthomas/.m2/repository/jakarta/validation/jakarta.validation-api/3.0.2/jakarta.validation-api-3.0.2.jar:/Users/christianthomas/.m2/repository/org/jboss/logging/jboss-logging/3.5.3.Final/jboss-logging-3.5.3.Final.jar:/Users/christianthomas/.m2/repository/com/fasterxml/classmate/1.7.0/classmate-1.7.0.jar:/Users/christianthomas/.m2/repository/org/springframework/boot/spring-boot-starter-data-jpa/3.3.3/spring-boot-starter-data-jpa-3.3.3.jar:/Users/christianthomas/.m2/repository/org/springframework/boot/spring-boot-starter-aop/3.3.3/spring-boot-starter-aop-3.3.3.jar:/Users/christianthomas/.m2/repository/org/aspectj/aspectjweaver/1.9.22.1/aspectjweaver-1.9.22.1.jar:/Users/christianthomas/.m2/repository/org/springframework/boot/spring-boot-starter-jdbc/3.3.3/spring-boot-starter-jdbc-3.3.3.jar:/Users/christianthomas/.m2/repository/com/zaxxer/HikariCP/5.1.0/HikariCP-5.1.0.jar:/Users/christianthomas/.m2/repository/org/springframework/spring-jdbc/6.1.12/spring-jdbc-6.1.12.jar:/Users/christianthomas/.m2/repository/org/hibernate/orm/hibernate-core/6.5.2.Final/hibernate-core-6.5.2.Final.jar:/Users/christianthomas/.m2/repository/jakarta/persistence/jakarta.persistence-api/3.1.0/jakarta.persistence-api-3.1.0.jar:/Users/christianthomas/.m2/repository/jakarta/transaction/jakarta.transaction-api/2.0.1/jakarta.transaction-api-2.0.1.jar:/Users/christianthomas/.m2/repository/org/hibernate/common/hibernate-commons-annotations/6.0.6.Final/hibernate-commons-annotations-6.0.6.Final.jar:/Users/christianthomas/.m2/repository/io/smallrye/jandex/3.1.2/jandex-3.1.2.jar:/Users/christianthomas/.m2/repository/net/bytebuddy/byte-buddy/1.14.19/byte-buddy-1.14.19.jar:/Users/christianthomas/.m2/repository/org/glassfish/jaxb/jaxb-runtime/4.0.5/jaxb-runtime-4.0.5.jar:/Users/christianthomas/.m2/repository/org/glassfish/jaxb/jaxb-core/4.0.5/jaxb-core-4.0.5.jar:/Users/christianthomas/.m2/repository/org/eclipse/angus/angus-activation/2.0.2/angus-activation-2.0.2.jar:/Users/christianthomas/.m2/repository/org/glassfish/jaxb/txw2/4.0.5/txw2-4.0.5.jar:/Users/christianthomas/.m2/repository/com/sun/istack/istack-commons-runtime/4.1.2/istack-commons-runtime-4.1.2.jar:/Users/christianthomas/.m2/repository/jakarta/inject/jakarta.inject-api/2.0.1/jakarta.inject-api-2.0.1.jar:/Users/christianthomas/.m2/repository/org/antlr/antlr4-runtime/4.13.0/antlr4-runtime-4.13.0.jar:/Users/christianthomas/.m2/repository/org/springframework/data/spring-data-jpa/3.3.3/spring-data-jpa-3.3.3.jar:/Users/christianthomas/.m2/repository/org/springframework/data/spring-data-commons/3.3.3/spring-data-commons-3.3.3.jar:/Users/christianthomas/.m2/repository/org/springframework/spring-orm/6.1.12/spring-orm-6.1.12.jar:/Users/christianthomas/.m2/repository/org/springframework/spring-tx/6.1.12/spring-tx-6.1.12.jar:/Users/christianthomas/.m2/repository/org/slf4j/slf4j-api/2.0.16/slf4j-api-2.0.16.jar:/Users/christianthomas/.m2/repository/org/springframework/spring-aspects/6.1.12/spring-aspects-6.1.12.jar:/Users/christianthomas/.m2/repository/com/h2database/h2/2.2.224/h2-2.2.224.jar:/Users/christianthomas/.m2/repository/software/amazon/awssdk/dynamodb/2.25.58/dynamodb-2.25.58.jar:/Users/christianthomas/.m2/repository/software/amazon/awssdk/aws-json-protocol/2.25.58/aws-json-protocol-2.25.58.jar:/Users/christianthomas/.m2/repository/software/amazon/awssdk/third-party-jackson-core/2.25.58/third-party-jackson-core-2.25.58.jar:/Users/christianthomas/.m2/repository/software/amazon/awssdk/protocol-core/2.25.58/protocol-core-2.25.58.jar:/Users/christianthomas/.m2/repository/software/amazon/awssdk/profiles/2.25.58/profiles-2.25.58.jar:/Users/christianthomas/.m2/repository/software/amazon/awssdk/http-auth-aws/2.25.58/http-auth-aws-2.25.58.jar:/Users/christianthomas/.m2/repository/software/amazon/awssdk/checksums-spi/2.25.58/checksums-spi-2.25.58.jar:/Users/christianthomas/.m2/repository/software/amazon/awssdk/checksums/2.25.58/checksums-2.25.58.jar:/Users/christianthomas/.m2/repository/software/amazon/awssdk/sdk-core/2.25.58/sdk-core-2.25.58.jar:/Users/christianthomas/.m2/repository/org/reactivestreams/reactive-streams/1.0.4/reactive-streams-1.0.4.jar:/Users/christianthomas/.m2/repository/software/amazon/awssdk/auth/2.25.58/auth-2.25.58.jar:/Users/christianthomas/.m2/repository/software/amazon/eventstream/eventstream/1.0.1/eventstream-1.0.1.jar:/Users/christianthomas/.m2/repository/software/amazon/awssdk/http-auth-spi/2.25.58/http-auth-spi-2.25.58.jar:/Users/christianthomas/.m2/repository/software/amazon/awssdk/http-auth/2.25.58/http-auth-2.25.58.jar:/Users/christianthomas/.m2/repository/software/amazon/awssdk/identity-spi/2.25.58/identity-spi-2.25.58.jar:/Users/christianthomas/.m2/repository/software/amazon/awssdk/http-client-spi/2.25.58/http-client-spi-2.25.58.jar:/Users/christianthomas/.m2/repository/software/amazon/awssdk/regions/2.25.58/regions-2.25.58.jar:/Users/christianthomas/.m2/repository/software/amazon/awssdk/annotations/2.25.58/annotations-2.25.58.jar:/Users/christianthomas/.m2/repository/software/amazon/awssdk/utils/2.25.58/utils-2.25.58.jar:/Users/christianthomas/.m2/repository/software/amazon/awssdk/aws-core/2.25.58/aws-core-2.25.58.jar:/Users/christianthomas/.m2/repository/software/amazon/awssdk/metrics-spi/2.25.58/metrics-spi-2.25.58.jar:/Users/christianthomas/.m2/repository/software/amazon/awssdk/json-utils/2.25.58/json-utils-2.25.58.jar:/Users/christianthomas/.m2/repository/software/amazon/awssdk/endpoints-spi/2.25.58/endpoints-spi-2.25.58.jar:/Users/christianthomas/.m2/repository/software/amazon/awssdk/apache-client/2.25.58/apache-client-2.25.58.jar:/Users/christianthomas/.m2/repository/org/apache/httpcomponents/httpclient/4.5.13/httpclient-4.5.13.jar:/Users/christianthomas/.m2/repository/commons-logging/commons-logging/1.2/commons-logging-1.2.jar:/Users/christianthomas/.m2/repository/org/apache/httpcomponents/httpcore/4.4.16/httpcore-4.4.16.jar:/Users/christianthomas/.m2/repository/commons-codec/commons-codec/1.16.1/commons-codec-1.16.1.jar:/Users/christianthomas/.m2/repository/software/amazon/awssdk/netty-nio-client/2.25.58/netty-nio-client-2.25.58.jar:/Users/christianthomas/.m2/repository/io/netty/netty-codec-http/4.1.112.Final/netty-codec-http-4.1.112.Final.jar:/Users/christianthomas/.m2/repository/io/netty/netty-codec-http2/4.1.112.Final/netty-codec-http2-4.1.112.Final.jar:/Users/christianthomas/.m2/repository/io/netty/netty-codec/4.1.112.Final/netty-codec-4.1.112.Final.jar:/Users/christianthomas/.m2/repository/io/netty/netty-transport/4.1.112.Final/netty-transport-4.1.112.Final.jar:/Users/christianthomas/.m2/repository/io/netty/netty-common/4.1.112.Final/netty-common-4.1.112.Final.jar:/Users/christianthomas/.m2/repository/io/netty/netty-buffer/4.1.112.Final/netty-buffer-4.1.112.Final.jar:/Users/christianthomas/.m2/repository/io/netty/netty-handler/4.1.112.Final/netty-handler-4.1.112.Final.jar:/Users/christianthomas/.m2/repository/io/netty/netty-transport-native-unix-common/4.1.112.Final/netty-transport-native-unix-common-4.1.112.Final.jar:/Users/christianthomas/.m2/repository/io/netty/netty-transport-classes-epoll/4.1.112.Final/netty-transport-classes-epoll-4.1.112.Final.jar:/Users/christianthomas/.m2/repository/io/netty/netty-resolver/4.1.112.Final/netty-resolver-4.1.112.Final.jar:/Users/christianthomas/.m2/repository/org/springdoc/springdoc-openapi-starter-webmvc-ui/2.5.0/springdoc-openapi-starter-webmvc-ui-2.5.0.jar:/Users/christianthomas/.m2/repository/org/springdoc/springdoc-openapi-starter-webmvc-api/2.5.0/springdoc-openapi-starter-webmvc-api-2.5.0.jar:/Users/christianthomas/.m2/repository/org/springdoc/springdoc-openapi-starter-common/2.5.0/springdoc-openapi-starter-common-2.5.0.jar:/Users/christianthomas/.m2/repository/io/swagger/core/v3/swagger-core-jakarta/2.2.21/swagger-core-jakarta-2.2.21.jar:/Users/christianthomas/.m2/repository/org/apache/commons/commons-lang3/3.14.0/commons-lang3-3.14.0.jar:/Users/christianthomas/.m2/repository/io/swagger/core/v3/swagger-annotations-jakarta/2.2.21/swagger-annotations-jakarta-2.2.21.jar:/Users/christianthomas/.m2/repository/io/swagger/core/v3/swagger-models-jakarta/2.2.21/swagger-models-jakarta-2.2.21.jar:/Users/christianthomas/.m2/repository/com/fasterxml/jackson/dataformat/jackson-dataformat-yaml/2.17.2/jackson-dataformat-yaml-2.17.2.jar:/Users/christianthomas/.m2/repository/org/webjars/swagger-ui/5.13.0/swagger-ui-5.13.0.jar:/Users/christianthomas/.m2/repository/org/projectlombok/lombok/1.18.34/lombok-1.18.34.jar:/Users/christianthomas/.m2/repository/org/springframework/boot/spring-boot-starter-test/3.3.3/spring-boot-starter-test-3.3.3.jar:/Users/christianthomas/.m2/repository/org/springframework/boot/spring-boot-test/3.3.3/spring-boot-test-3.3.3.jar:/Users/christianthomas/.m2/repository/org/springframework/boot/spring-boot-test-autoconfigure/3.3.3/spring-boot-test-autoconfigure-3.3.3.jar:/Users/christianthomas/.m2/repository/com/jayway/jsonpath/json-path/2.9.0/json-path-2.9.0.jar:/Users/christianthomas/.m2/repository/jakarta/xml/bind/jakarta.xml.bind-api/4.0.2/jakarta.xml.bind-api-4.0.2.jar:/Users/christianthomas/.m2/repository/jakarta/activation/jakarta.activation-api/2.1.3/jakarta.activation-api-2.1.3.jar:/Users/christianthomas/.m2/repository/net/minidev/json-smart/2.5.1/json-smart-2.5.1.jar:/Users/christianthomas/.m2/repository/net/minidev/accessors-smart/2.5.1/accessors-smart-2.5.1.jar:/Users/christianthomas/.m2/repository/org/ow2/asm/asm/9.6/asm-9.6.jar:/Users/christianthomas/.m2/repository/org/assertj/assertj-core/3.25.3/assertj-core-3.25.3.jar:/Users/christianthomas/.m2/repository/org/awaitility/awaitility/4.2.2/awaitility-4.2.2.jar:/Users/christianthomas/.m2/repository/org/hamcrest/hamcrest/2.2/hamcrest-2.2.jar:/Users/christianthomas/.m2/repository/org/junit/jupiter/junit-jupiter/5.10.3/junit-jupiter-5.10.3.jar:/Users/christianthomas/.m2/repository/org/junit/jupiter/junit-jupiter-api/5.10.3/junit-jupiter-api-5.10.3.jar:/Users/christianthomas/.m2/repository/org/opentest4j/opentest4j/1.3.0/opentest4j-1.3.0.jar:/Users/christianthomas/.m2/repository/org/junit/platform/junit-platform-commons/1.10.3/junit-platform-commons-1.10.3.jar:/Users/christianthomas/.m2/repository/org/apiguardian/apiguardian-api/1.1.2/apiguardian-api-1.1.2.jar:/Users/christianthomas/.m2/repository/org/junit/jupiter/junit-jupiter-params/5.10.3/junit-jupiter-params-5.10.3.jar:/Users/christianthomas/.m2/repository/org/junit/jupiter/junit-jupiter-engine/5.10.3/junit-jupiter-engine-5.10.3.jar:/Users/christianthomas/.m2/repository/org/junit/platform/junit-platform-engine/1.10.3/junit-platform-engine-1.10.3.jar:/Users/christianthomas/.m2/repository/org/mockito/mockito-core/5.11.0/mockito-core-5.11.0.jar:/Users/christianthomas/.m2/repository/net/bytebuddy/byte-buddy-agent/1.14.19/byte-buddy-agent-1.14.19.jar:/Users/christianthomas/.m2/repository/org/objenesis/objenesis/3.3/objenesis-3.3.jar:/Users/christianthomas/.m2/repository/org/mockito/mockito-junit-jupiter/5.11.0/mockito-junit-jupiter-5.11.0.jar:/Users/christianthomas/.m2/repository/org/skyscreamer/jsonassert/1.5.3/jsonassert-1.5.3.jar:/Users/christianthomas/.m2/repository/com/vaadin/external/google/android-json/0.0.20131108.vaadin1/android-json-0.0.20131108.vaadin1.jar:/Users/christianthomas/.m2/repository/org/springframework/spring-core/6.1.12/spring-core-6.1.12.jar:/Users/christianthomas/.m2/repository/org/springframework/spring-jcl/6.1.12/spring-jcl-6.1.12.jar:/Users/christianthomas/.m2/repository/org/springframework/spring-test/6.1.12/spring-test-6.1.12.jar:/Users/christianthomas/.m2/repository/org/xmlunit/xmlunit-core/2.9.1/xmlunit-core-2.9.1.jar:"/>
    <property name="sun.cpu.endian" value="little"/>
    <property name="user.home" value="/Users/christianthomas"/>
    <property name="user.language" value="en"/>
    <property name="java.specification.vendor" value="Oracle Corporation"/>
    <property name="java.version.date" value="2025-01-21"/>
    <property name="java.home" value="/opt/homebrew/Cellar/openjdk/23.0.2/libexec/openjdk.jdk/Contents/Home"/>
    <property name="file.separator" value="/"/>
    <property name="basedir" value="/Users/christianthomas/Projects/NorthStar/backend"/>
    <property name="java.vm.compressedOopsMode" value="Zero based"/>
    <property name="line.separator" value="&#10;"/>
    <property name="java.vm.specification.vendor" value="Oracle Corporation"/>
    <property name="java.specification.name" value="Java Platform API Specification"/>
    <property name="FILE_LOG_CHARSET" value="UTF-8"/>
    <property name="java.awt.headless" value="true"/>
    <property name="apple.awt.application.name" value="ForkedBooter"/>
    <property name="surefire.real.class.path" value="/Users/christianthomas/Projects/NorthStar/backend/target/surefire/surefirebooter-20251024181112297_3.jar"/>
    <property name="sun.management.compiler" value="HotSpot 64-Bit Tiered Compilers"/>
    <property name="ftp.nonProxyHosts" value="local|*.local|169.254/16|*.169.254/16"/>
    <property name="java.runtime.version" value="23.0.2"/>
    <property name="user.name" value="christianthomas"/>
    <property name="stdout.encoding" value="UTF-8"/>
    <property name="path.separator" value=":"/>
    <property name="os.version" value="26.0.1"/>
    <property name="java.runtime.name" value="OpenJDK Runtime Environment"/>
    <property name="file.encoding" value="UTF-8"/>
    <property name="java.vm.name" value="OpenJDK 64-Bit Server VM"/>
    <property name="java.vendor.version" value="Homebrew"/>
    <property name="localRepository" value="/Users/christianthomas/.m2/repository"/>
    <property name="java.vendor.url.bug" value="https://github.com/Homebrew/homebrew-core/issues"/>
    <property name="java.io.tmpdir" value="/var/folders/v5/17m3ddc54_1_wnmxz_tl4jlc0000gn/T/"/>
    <property name="java.version" value="23.0.2"/>
    <property name="user.dir" value="/Users/christianthomas/Projects/NorthStar/backend"/>
    <property name="os.arch" value="aarch64"/>
    <property name="java.vm.specification.name" value="Java Virtual Machine Specification"/>
    <property name="PID" value="23394"/>
    <property name="CONSOLE_LOG_CHARSET" value="UTF-8"/>
    <property name="native.encoding" value="UTF-8"/>
    <property name="java.library.path" value="/Users/christianthomas/Library/Java/Extensions:/Library/Java/Extensions:/Network/Library/Java/Extensions:/System/Library/Java/Extensions:/usr/lib/java:."/>
    <property name="java.vm.info" value="mixed mode, sharing"/>
    <property name="stderr.encoding" value="UTF-8"/>
    <property name="java.vendor" value="Homebrew"/>
    <property name="java.vm.version" value="23.0.2"/>
    <property name="sun.io.unicode.encoding" value="UnicodeBig"/>
    <property name="socksNonProxyHosts" value="local|*.local|169.254/16|*.169.254/16"/>
    <property name="java.class.version" value="67.0"/>
  </properties>
  <testcase name="createStudent_created_201" classname="io.northstar.behavior.StudentControllerTests" time="0.108">
    <system-out><![CDATA[2025-10-24T18:11:13.691-04:00  INFO 23394 --- [           main] t.c.s.AnnotationConfigContextLoaderUtils : Could not detect default configuration classes for test class [io.northstar.behavior.StudentControllerTests]: StudentControllerTests does not declare any static, non-private, non-final, nested classes annotated with @Configuration.
2025-10-24T18:11:13.697-04:00  INFO 23394 --- [           main] .b.t.c.SpringBootTestContextBootstrapper : Found @SpringBootConfiguration io.northstar.behavior.NorthStarApplication for test class io.northstar.behavior.StudentControllerTests

  .   ____          _            __ _ _
 /\\ / ___'_ __ _ _(_)_ __  __ _ \ \ \ \
( ( )\___ | '_ | '_| | '_ \/ _` | \ \ \ \
 \\/  ___)| |_)| | | | | || (_| |  ) ) ) )
  '  |____| .__|_| |_|_| |_\__, | / / / /
 =========|_|==============|___/=/_/_/_/

 :: Spring Boot ::                (v3.3.3)

2025-10-24T18:11:13.720-04:00  INFO 23394 --- [           main] i.n.behavior.StudentControllerTests      : Starting StudentControllerTests using Java 23.0.2 with PID 23394 (started by christianthomas in /Users/christianthomas/Projects/NorthStar/backend)
2025-10-24T18:11:13.720-04:00  INFO 23394 --- [           main] i.n.behavior.StudentControllerTests      : No active profile set, falling back to 1 default profile: "default"
2025-10-24T18:11:13.912-04:00  WARN 23394 --- [           main] .s.s.UserDetailsServiceAutoConfiguration : 

Using generated security password: bb2b7ce7-ca11-46b7-8e2d-b613219b8e59

This generated password is for development use only. Your security configuration must be updated before running your application in production.

2025-10-24T18:11:13.923-04:00  INFO 23394 --- [           main] r$InitializeUserDetailsManagerConfigurer : Global AuthenticationManager configured with UserDetailsService bean with name inMemoryUserDetailsManager
2025-10-24T18:11:13.965-04:00  INFO 23394 --- [           main] o.s.b.t.m.w.SpringBootMockServletContext : Initializing Spring TestDispatcherServlet ''
2025-10-24T18:11:13.966-04:00  INFO 23394 --- [           main] o.s.t.web.servlet.TestDispatcherServlet  : Initializing Servlet ''
2025-10-24T18:11:13.966-04:00  INFO 23394 --- [           main] o.s.t.web.servlet.TestDispatcherServlet  : Completed initialization in 0 ms
2025-10-24T18:11:13.973-04:00  INFO 23394 --- [           main] i.n.behavior.StudentControllerTests      : Started StudentControllerTests in 0.273 seconds (process running for 1.636)
]]></system-out>
  </testcase>
  <testcase name="createStudent_validationError_400" classname="io.northstar.behavior.StudentControllerTests" time="0.009">
    <system-out><![CDATA[2025-10-24T18:11:14.093-04:00  WARN 23394 --- [           main] .w.s.m.s.DefaultHandlerExceptionResolver : Resolved [org.springframework.web.bind.MethodArgumentNotValidException: Validation failed for argument [0] in public org.springframework.http.ResponseEntity<io.northstar.behavior.dto.StudentDTO> io.northstar.behavior.controller.StudentController.create(io.northstar.behavior.dto.CreateStudentRequest) with 4 errors: [Field error in object 'createStudentRequest' on field 'lastName': rejected value []; codes [NotBlank.createStudentRequest.lastName,NotBlank.lastName,NotBlank.java.lang.String,NotBlank]; arguments [org.springframework.context.support.DefaultMessageSourceResolvable: codes [createStudentRequest.lastName,lastName]; arguments []; default message [lastName]]; default message [must not be blank]] [Field error in object 'createStudentRequest' on field 'grade': rejected value []; codes [NotBlank.createStudentRequest.grade,NotBlank.grade,NotBlank.java.lang.String,NotBlank]; arguments [org.springframework.context.support.DefaultMessageSourceResolvable: codes [createStudentRequest.grade,grade]; arguments []; default message [grade]]; default message [must not be blank]] [Field error in object 'createStudentRequest' on field 'studentId': rejected value []; codes [NotBlank.createStudentRequest.studentId,NotBlank.studentId,NotBlank.java.lang.String,NotBlank]; arguments [org.springframework.context.support.DefaultMessageSourceResolvable: codes [createStudentRequest.studentId,studentId]; arguments []; default message [studentId]]; default message [must not be blank]] [Field error in object 'createStudentRequest' on field 'firstName': rejected value []; codes [NotBlank.createStudentRequest.firstName,NotBlank.firstName,NotBlank.java.lang.String,NotBlank]; arguments [org.springframework.context.support.DefaultMessageSourceResolvable: codes [createStudentRequest.firstName,firstName]; arguments []; default message [firstName]]; default message [must not be blank]] ]
]]></system-out>
  </testcase>
</testsuite>